<?xml version="1.0" encoding="UTF-8"?>
<!-- Generated by org.testng.reporters.JUnitXMLReporter -->
<testsuite ignored="0" hostname="DESKTOP-3FEVTCJ" failures="0" tests="4" name="Test" time="13.03" errors="0" timestamp="2023-12-11T12:19:15 IST">
  <testcase classname="api.test.Usertest" name="testPostuser" time="5.402"/>
  <testcase classname="api.test.Usertest" name="testgetuser" time="1.684"/>
  <testcase classname="api.test.Usertest" name="testupdateuser" time="3.255"/>
  <testcase classname="api.test.Usertest" name="testdeleteuser" time="1.592"/>
</testsuite> <!-- Test -->
