<?xml version="1.0" encoding="UTF-8"?>
<testng-results ignored="0" total="4" passed="4" failed="0" skipped="0">
  <reporter-output>
  </reporter-output>
  <suite started-at="2023-12-11T13:06:16 IST" name="Suite" finished-at="2023-12-11T13:06:29 IST" duration-ms="12371">
    <groups>
    </groups>
    <test started-at="2023-12-11T13:06:16 IST" name="Test" finished-at="2023-12-11T13:06:29 IST" duration-ms="12371">
      <class name="api.test.Usertest">
        <test-method is-config="true" signature="setupDate()[pri:0, instance:api.test.Usertest@1e0b4072]" started-at="2023-12-11T13:06:16 IST" name="setupDate" finished-at="2023-12-11T13:06:17 IST" duration-ms="531" status="PASS">
          <reporter-output>
          </reporter-output>
        </test-method> <!-- setupDate -->
        <test-method signature="testPostuser()[pri:1, instance:api.test.Usertest@1e0b4072]" started-at="2023-12-11T13:06:17 IST" name="testPostuser" finished-at="2023-12-11T13:06:22 IST" duration-ms="5367" status="PASS">
          <reporter-output>
          </reporter-output>
        </test-method> <!-- testPostuser -->
        <test-method signature="testgetuser()[pri:2, instance:api.test.Usertest@1e0b4072]" started-at="2023-12-11T13:06:22 IST" name="testgetuser" finished-at="2023-12-11T13:06:24 IST" duration-ms="1602" status="PASS">
          <reporter-output>
          </reporter-output>
        </test-method> <!-- testgetuser -->
        <test-method signature="testupdateuser()[pri:3, instance:api.test.Usertest@1e0b4072]" started-at="2023-12-11T13:06:24 IST" name="testupdateuser" finished-at="2023-12-11T13:06:27 IST" duration-ms="3071" status="PASS">
          <reporter-output>
          </reporter-output>
        </test-method> <!-- testupdateuser -->
        <test-method signature="testdeleteuser()[pri:4, instance:api.test.Usertest@1e0b4072]" started-at="2023-12-11T13:06:27 IST" name="testdeleteuser" finished-at="2023-12-11T13:06:29 IST" duration-ms="1690" status="PASS">
          <reporter-output>
          </reporter-output>
        </test-method> <!-- testdeleteuser -->
      </class> <!-- api.test.Usertest -->
    </test> <!-- Test -->
  </suite> <!-- Suite -->
</testng-results>
