<?xml version="1.0" encoding="UTF-8"?>
<testng-results ignored="0" total="4" passed="4" failed="0" skipped="0">
  <reporter-output>
  </reporter-output>
  <suite started-at="2023-12-11T12:19:02 IST" name="Suite" finished-at="2023-12-11T12:19:15 IST" duration-ms="13030">
    <groups>
    </groups>
    <test started-at="2023-12-11T12:19:02 IST" name="Test" finished-at="2023-12-11T12:19:15 IST" duration-ms="13030">
      <class name="api.test.Usertest">
        <test-method is-config="true" signature="setupDate()[pri:0, instance:api.test.Usertest@4b013c76]" started-at="2023-12-11T12:19:02 IST" name="setupDate" finished-at="2023-12-11T12:19:03 IST" duration-ms="899" status="PASS">
          <reporter-output>
          </reporter-output>
        </test-method> <!-- setupDate -->
        <test-method signature="testPostuser()[pri:1, instance:api.test.Usertest@4b013c76]" started-at="2023-12-11T12:19:03 IST" name="testPostuser" finished-at="2023-12-11T12:19:08 IST" duration-ms="5402" status="PASS">
          <reporter-output>
          </reporter-output>
        </test-method> <!-- testPostuser -->
        <test-method signature="testgetuser()[pri:2, instance:api.test.Usertest@4b013c76]" started-at="2023-12-11T12:19:08 IST" name="testgetuser" finished-at="2023-12-11T12:19:10 IST" duration-ms="1684" status="PASS">
          <reporter-output>
          </reporter-output>
        </test-method> <!-- testgetuser -->
        <test-method signature="testupdateuser()[pri:3, instance:api.test.Usertest@4b013c76]" started-at="2023-12-11T12:19:10 IST" name="testupdateuser" finished-at="2023-12-11T12:19:13 IST" duration-ms="3255" status="PASS">
          <reporter-output>
          </reporter-output>
        </test-method> <!-- testupdateuser -->
        <test-method signature="testdeleteuser()[pri:4, instance:api.test.Usertest@4b013c76]" started-at="2023-12-11T12:19:13 IST" name="testdeleteuser" finished-at="2023-12-11T12:19:15 IST" duration-ms="1592" status="PASS">
          <reporter-output>
          </reporter-output>
        </test-method> <!-- testdeleteuser -->
      </class> <!-- api.test.Usertest -->
    </test> <!-- Test -->
  </suite> <!-- Suite -->
</testng-results>
